<?xml version="1.0" encoding="UTF-8"?>
<!-- Generated by org.testng.reporters.JUnitReportReporter -->
<testsuite hostname="Raju" failures="0" tests="1" name="jenkinstestngdemo.TestNGDemo" time="6.485" errors="0" timestamp="09 Aug 2022 15:47:07 GMT" skipped="0">
  <testcase classname="jenkinstestngdemo.TestNGDemo" name="login" time="6.485"/>
</testsuite> <!-- jenkinstestngdemo.TestNGDemo -->
